have_library: checking for BIO_read() in -lcrypto... -------------------- yes

"gcc -o conftest -I/home/johnny/.rvm/rubies/ruby-2.7.6/include/ruby-2.7.0/x86_64-linux -I/home/johnny/.rvm/rubies/ruby-2.7.6/include/ruby-2.7.0/ruby/backward -I/home/johnny/.rvm/rubies/ruby-2.7.6/include/ruby-2.7.0 -I. -I/home/johnny/.rvm/usr/include    -g -O2 -fPIC conftest.c  -L. -L/home/johnny/.rvm/rubies/ruby-2.7.6/lib -Wl,-rpath,/home/johnny/.rvm/rubies/ruby-2.7.6/lib -L/home/johnny/.rvm/usr/lib -Wl,-rpath,/home/johnny/.rvm/usr/lib -L. -fstack-protector-strong -rdynamic -Wl,-export-dynamic     -Wl,-rpath,/home/johnny/.rvm/rubies/ruby-2.7.6/lib -L/home/johnny/.rvm/rubies/ruby-2.7.6/lib -lruby  -lm   -lc"
checked program was:
/* begin */
1: #include "ruby.h"
2: 
3: int main(int argc, char **argv)
4: {
5:   return !!argv[argc];
6: }
/* end */

"gcc -o conftest -I/home/johnny/.rvm/rubies/ruby-2.7.6/include/ruby-2.7.0/x86_64-linux -I/home/johnny/.rvm/rubies/ruby-2.7.6/include/ruby-2.7.0/ruby/backward -I/home/johnny/.rvm/rubies/ruby-2.7.6/include/ruby-2.7.0 -I. -I/home/johnny/.rvm/usr/include    -g -O2 -fPIC conftest.c  -L. -L/home/johnny/.rvm/rubies/ruby-2.7.6/lib -Wl,-rpath,/home/johnny/.rvm/rubies/ruby-2.7.6/lib -L/home/johnny/.rvm/usr/lib -Wl,-rpath,/home/johnny/.rvm/usr/lib -L. -fstack-protector-strong -rdynamic -Wl,-export-dynamic     -Wl,-rpath,/home/johnny/.rvm/rubies/ruby-2.7.6/lib -L/home/johnny/.rvm/rubies/ruby-2.7.6/lib -lruby -lcrypto  -lm   -lc"
conftest.c: In function ‘t’:
conftest.c:14:57: error: ‘BIO_read’ undeclared (first use in this function)
   14 | int t(void) { void ((*volatile p)()); p = (void ((*)()))BIO_read; return !p; }
      |                                                         ^~~~~~~~
conftest.c:14:57: note: each undeclared identifier is reported only once for each function it appears in
checked program was:
/* begin */
 1: #include "ruby.h"
 2: 
 3: /*top*/
 4: extern int t(void);
 5: int main(int argc, char **argv)
 6: {
 7:   if (argc > 1000000) {
 8:     int (* volatile tp)(void)=(int (*)(void))&t;
 9:     printf("%d", (*tp)());
10:   }
11: 
12:   return !!argv[argc];
13: }
14: int t(void) { void ((*volatile p)()); p = (void ((*)()))BIO_read; return !p; }
/* end */

"gcc -o conftest -I/home/johnny/.rvm/rubies/ruby-2.7.6/include/ruby-2.7.0/x86_64-linux -I/home/johnny/.rvm/rubies/ruby-2.7.6/include/ruby-2.7.0/ruby/backward -I/home/johnny/.rvm/rubies/ruby-2.7.6/include/ruby-2.7.0 -I. -I/home/johnny/.rvm/usr/include    -g -O2 -fPIC conftest.c  -L. -L/home/johnny/.rvm/rubies/ruby-2.7.6/lib -Wl,-rpath,/home/johnny/.rvm/rubies/ruby-2.7.6/lib -L/home/johnny/.rvm/usr/lib -Wl,-rpath,/home/johnny/.rvm/usr/lib -L. -fstack-protector-strong -rdynamic -Wl,-export-dynamic     -Wl,-rpath,/home/johnny/.rvm/rubies/ruby-2.7.6/lib -L/home/johnny/.rvm/rubies/ruby-2.7.6/lib -lruby -lcrypto  -lm   -lc"
checked program was:
/* begin */
 1: #include "ruby.h"
 2: 
 3: /*top*/
 4: extern int t(void);
 5: int main(int argc, char **argv)
 6: {
 7:   if (argc > 1000000) {
 8:     int (* volatile tp)(void)=(int (*)(void))&t;
 9:     printf("%d", (*tp)());
10:   }
11: 
12:   return !!argv[argc];
13: }
14: extern void BIO_read();
15: int t(void) { BIO_read(); return 0; }
/* end */

--------------------

have_library: checking for SSL_CTX_new() in -lssl... -------------------- yes

"gcc -o conftest -I/home/johnny/.rvm/rubies/ruby-2.7.6/include/ruby-2.7.0/x86_64-linux -I/home/johnny/.rvm/rubies/ruby-2.7.6/include/ruby-2.7.0/ruby/backward -I/home/johnny/.rvm/rubies/ruby-2.7.6/include/ruby-2.7.0 -I. -I/home/johnny/.rvm/usr/include    -g -O2 -fPIC conftest.c  -L. -L/home/johnny/.rvm/rubies/ruby-2.7.6/lib -Wl,-rpath,/home/johnny/.rvm/rubies/ruby-2.7.6/lib -L/home/johnny/.rvm/usr/lib -Wl,-rpath,/home/johnny/.rvm/usr/lib -L. -fstack-protector-strong -rdynamic -Wl,-export-dynamic    -lcrypto  -Wl,-rpath,/home/johnny/.rvm/rubies/ruby-2.7.6/lib -L/home/johnny/.rvm/rubies/ruby-2.7.6/lib -lruby -lssl -lcrypto  -lm   -lc"
conftest.c: In function ‘t’:
conftest.c:14:57: error: ‘SSL_CTX_new’ undeclared (first use in this function)
   14 | int t(void) { void ((*volatile p)()); p = (void ((*)()))SSL_CTX_new; return !p; }
      |                                                         ^~~~~~~~~~~
conftest.c:14:57: note: each undeclared identifier is reported only once for each function it appears in
checked program was:
/* begin */
 1: #include "ruby.h"
 2: 
 3: /*top*/
 4: extern int t(void);
 5: int main(int argc, char **argv)
 6: {
 7:   if (argc > 1000000) {
 8:     int (* volatile tp)(void)=(int (*)(void))&t;
 9:     printf("%d", (*tp)());
10:   }
11: 
12:   return !!argv[argc];
13: }
14: int t(void) { void ((*volatile p)()); p = (void ((*)()))SSL_CTX_new; return !p; }
/* end */

"gcc -o conftest -I/home/johnny/.rvm/rubies/ruby-2.7.6/include/ruby-2.7.0/x86_64-linux -I/home/johnny/.rvm/rubies/ruby-2.7.6/include/ruby-2.7.0/ruby/backward -I/home/johnny/.rvm/rubies/ruby-2.7.6/include/ruby-2.7.0 -I. -I/home/johnny/.rvm/usr/include    -g -O2 -fPIC conftest.c  -L. -L/home/johnny/.rvm/rubies/ruby-2.7.6/lib -Wl,-rpath,/home/johnny/.rvm/rubies/ruby-2.7.6/lib -L/home/johnny/.rvm/usr/lib -Wl,-rpath,/home/johnny/.rvm/usr/lib -L. -fstack-protector-strong -rdynamic -Wl,-export-dynamic    -lcrypto  -Wl,-rpath,/home/johnny/.rvm/rubies/ruby-2.7.6/lib -L/home/johnny/.rvm/rubies/ruby-2.7.6/lib -lruby -lssl -lcrypto  -lm   -lc"
checked program was:
/* begin */
 1: #include "ruby.h"
 2: 
 3: /*top*/
 4: extern int t(void);
 5: int main(int argc, char **argv)
 6: {
 7:   if (argc > 1000000) {
 8:     int (* volatile tp)(void)=(int (*)(void))&t;
 9:     printf("%d", (*tp)());
10:   }
11: 
12:   return !!argv[argc];
13: }
14: extern void SSL_CTX_new();
15: int t(void) { SSL_CTX_new(); return 0; }
/* end */

--------------------

have_header: checking for openssl/bio.h... -------------------- yes

"gcc -E -I/home/johnny/.rvm/rubies/ruby-2.7.6/include/ruby-2.7.0/x86_64-linux -I/home/johnny/.rvm/rubies/ruby-2.7.6/include/ruby-2.7.0/ruby/backward -I/home/johnny/.rvm/rubies/ruby-2.7.6/include/ruby-2.7.0 -I. -I/home/johnny/.rvm/usr/include    -g -O2 -fPIC  conftest.c -o conftest.i"
checked program was:
/* begin */
1: #include "ruby.h"
2: 
3: #include <openssl/bio.h>
/* end */

--------------------

have_func: checking for DTLS_method() in openssl/ssl.h... -------------------- no

"gcc -o conftest -I/home/johnny/.rvm/rubies/ruby-2.7.6/include/ruby-2.7.0/x86_64-linux -I/home/johnny/.rvm/rubies/ruby-2.7.6/include/ruby-2.7.0/ruby/backward -I/home/johnny/.rvm/rubies/ruby-2.7.6/include/ruby-2.7.0 -I. -I/home/johnny/.rvm/usr/include    -g -O2 -fPIC conftest.c  -L. -L/home/johnny/.rvm/rubies/ruby-2.7.6/lib -Wl,-rpath,/home/johnny/.rvm/rubies/ruby-2.7.6/lib -L/home/johnny/.rvm/usr/lib -Wl,-rpath,/home/johnny/.rvm/usr/lib -L. -fstack-protector-strong -rdynamic -Wl,-export-dynamic    -lssl -lcrypto  -Wl,-rpath,/home/johnny/.rvm/rubies/ruby-2.7.6/lib -L/home/johnny/.rvm/rubies/ruby-2.7.6/lib -lruby -lssl -lcrypto  -lm   -lc"
conftest.c: In function ‘t’:
conftest.c:16:57: error: ‘DTLS_method’ undeclared (first use in this function); did you mean ‘DTLSv1_method’?
   16 | int t(void) { void ((*volatile p)()); p = (void ((*)()))DTLS_method; return !p; }
      |                                                         ^~~~~~~~~~~
      |                                                         DTLSv1_method
conftest.c:16:57: note: each undeclared identifier is reported only once for each function it appears in
checked program was:
/* begin */
 1: #include "ruby.h"
 2: 
 3: #include <openssl/ssl.h>
 4: 
 5: /*top*/
 6: extern int t(void);
 7: int main(int argc, char **argv)
 8: {
 9:   if (argc > 1000000) {
10:     int (* volatile tp)(void)=(int (*)(void))&t;
11:     printf("%d", (*tp)());
12:   }
13: 
14:   return !!argv[argc];
15: }
16: int t(void) { void ((*volatile p)()); p = (void ((*)()))DTLS_method; return !p; }
/* end */

"gcc -o conftest -I/home/johnny/.rvm/rubies/ruby-2.7.6/include/ruby-2.7.0/x86_64-linux -I/home/johnny/.rvm/rubies/ruby-2.7.6/include/ruby-2.7.0/ruby/backward -I/home/johnny/.rvm/rubies/ruby-2.7.6/include/ruby-2.7.0 -I. -I/home/johnny/.rvm/usr/include    -g -O2 -fPIC conftest.c  -L. -L/home/johnny/.rvm/rubies/ruby-2.7.6/lib -Wl,-rpath,/home/johnny/.rvm/rubies/ruby-2.7.6/lib -L/home/johnny/.rvm/usr/lib -Wl,-rpath,/home/johnny/.rvm/usr/lib -L. -fstack-protector-strong -rdynamic -Wl,-export-dynamic    -lssl -lcrypto  -Wl,-rpath,/home/johnny/.rvm/rubies/ruby-2.7.6/lib -L/home/johnny/.rvm/rubies/ruby-2.7.6/lib -lruby -lssl -lcrypto  -lm   -lc"
/usr/bin/ld: /tmp/ccgE0go5.o: in function `t':
/home/johnny/Documents/Rails/demouser2/vendor/bundle/ruby/2.7.0/gems/puma-4.3.12/ext/puma_http11/conftest.c:17: undefined reference to `DTLS_method'
collect2: error: ld returned 1 exit status
checked program was:
/* begin */
 1: #include "ruby.h"
 2: 
 3: #include <openssl/ssl.h>
 4: 
 5: /*top*/
 6: extern int t(void);
 7: int main(int argc, char **argv)
 8: {
 9:   if (argc > 1000000) {
10:     int (* volatile tp)(void)=(int (*)(void))&t;
11:     printf("%d", (*tp)());
12:   }
13: 
14:   return !!argv[argc];
15: }
16: extern void DTLS_method();
17: int t(void) { DTLS_method(); return 0; }
/* end */

--------------------

have_func: checking for TLS_server_method() in openssl/ssl.h... -------------------- no

"gcc -o conftest -I/home/johnny/.rvm/rubies/ruby-2.7.6/include/ruby-2.7.0/x86_64-linux -I/home/johnny/.rvm/rubies/ruby-2.7.6/include/ruby-2.7.0/ruby/backward -I/home/johnny/.rvm/rubies/ruby-2.7.6/include/ruby-2.7.0 -I. -I/home/johnny/.rvm/usr/include    -g -O2 -fPIC conftest.c  -L. -L/home/johnny/.rvm/rubies/ruby-2.7.6/lib -Wl,-rpath,/home/johnny/.rvm/rubies/ruby-2.7.6/lib -L/home/johnny/.rvm/usr/lib -Wl,-rpath,/home/johnny/.rvm/usr/lib -L. -fstack-protector-strong -rdynamic -Wl,-export-dynamic    -lssl -lcrypto  -Wl,-rpath,/home/johnny/.rvm/rubies/ruby-2.7.6/lib -L/home/johnny/.rvm/rubies/ruby-2.7.6/lib -lruby -lssl -lcrypto  -lm   -lc"
conftest.c: In function ‘t’:
conftest.c:16:57: error: ‘TLS_server_method’ undeclared (first use in this function); did you mean ‘TLSv1_server_method’?
   16 | int t(void) { void ((*volatile p)()); p = (void ((*)()))TLS_server_method; return !p; }
      |                                                         ^~~~~~~~~~~~~~~~~
      |                                                         TLSv1_server_method
conftest.c:16:57: note: each undeclared identifier is reported only once for each function it appears in
checked program was:
/* begin */
 1: #include "ruby.h"
 2: 
 3: #include <openssl/ssl.h>
 4: 
 5: /*top*/
 6: extern int t(void);
 7: int main(int argc, char **argv)
 8: {
 9:   if (argc > 1000000) {
10:     int (* volatile tp)(void)=(int (*)(void))&t;
11:     printf("%d", (*tp)());
12:   }
13: 
14:   return !!argv[argc];
15: }
16: int t(void) { void ((*volatile p)()); p = (void ((*)()))TLS_server_method; return !p; }
/* end */

"gcc -o conftest -I/home/johnny/.rvm/rubies/ruby-2.7.6/include/ruby-2.7.0/x86_64-linux -I/home/johnny/.rvm/rubies/ruby-2.7.6/include/ruby-2.7.0/ruby/backward -I/home/johnny/.rvm/rubies/ruby-2.7.6/include/ruby-2.7.0 -I. -I/home/johnny/.rvm/usr/include    -g -O2 -fPIC conftest.c  -L. -L/home/johnny/.rvm/rubies/ruby-2.7.6/lib -Wl,-rpath,/home/johnny/.rvm/rubies/ruby-2.7.6/lib -L/home/johnny/.rvm/usr/lib -Wl,-rpath,/home/johnny/.rvm/usr/lib -L. -fstack-protector-strong -rdynamic -Wl,-export-dynamic    -lssl -lcrypto  -Wl,-rpath,/home/johnny/.rvm/rubies/ruby-2.7.6/lib -L/home/johnny/.rvm/rubies/ruby-2.7.6/lib -lruby -lssl -lcrypto  -lm   -lc"
/usr/bin/ld: /tmp/cckNFzji.o: in function `t':
/home/johnny/Documents/Rails/demouser2/vendor/bundle/ruby/2.7.0/gems/puma-4.3.12/ext/puma_http11/conftest.c:17: undefined reference to `TLS_server_method'
collect2: error: ld returned 1 exit status
checked program was:
/* begin */
 1: #include "ruby.h"
 2: 
 3: #include <openssl/ssl.h>
 4: 
 5: /*top*/
 6: extern int t(void);
 7: int main(int argc, char **argv)
 8: {
 9:   if (argc > 1000000) {
10:     int (* volatile tp)(void)=(int (*)(void))&t;
11:     printf("%d", (*tp)());
12:   }
13: 
14:   return !!argv[argc];
15: }
16: extern void TLS_server_method();
17: int t(void) { TLS_server_method(); return 0; }
/* end */

--------------------

have_macro: checking for SSL_CTX_set_min_proto_version in openssl/ssl.h... -------------------- no

"gcc -I/home/johnny/.rvm/rubies/ruby-2.7.6/include/ruby-2.7.0/x86_64-linux -I/home/johnny/.rvm/rubies/ruby-2.7.6/include/ruby-2.7.0/ruby/backward -I/home/johnny/.rvm/rubies/ruby-2.7.6/include/ruby-2.7.0 -I. -I/home/johnny/.rvm/usr/include    -g -O2 -fPIC   -c conftest.c"
conftest.c:6:3: error: #error 
    6 | # error
      |   ^~~~~
conftest.c:7:1: error: expected identifier or ‘(’ before ‘|’ token
    7 | |:/ === SSL_CTX_set_min_proto_version undefined === /:|
      | ^
checked program was:
/* begin */
1: #include "ruby.h"
2: 
3: #include <openssl/ssl.h>
4: /*top*/
5: #ifndef SSL_CTX_set_min_proto_version
6: # error
7: |:/ === SSL_CTX_set_min_proto_version undefined === /:|
8: #endif
/* end */

--------------------

